null
null
null
{"departure":"Philippines","destination":"Japan","departureDate":"29 May 2025","returnDate":"11 Jun 2025","flightCode":"PA 712"}
null
null
null
null
null
null
null
{"departure":"Philippines","destination":"France","departureDate":"29 May 2025","returnDate":"11 Jun 2025","flightCode":"PA 712"}
null
null
null
{"departure":"Philippines","destination":"France","departureDate":"29 May 2025","returnDate":"30 Jun 2025","flightCode":"PA 712"}
null
null
null
null
null
{"departure":"Philippines","destination":"United States","departureDate":"29 May 2025","returnDate":"19 Jun 2025","flightCode":"PAA 625"}
null
null
null
null
{"departure":"Philippines","destination":"United States","departureDate":"29 May 2025","returnDate":"31 May 2025","flightCode":"CP 205"}
null
null
{"departure":"Philippines","destination":"United States","departureDate":"29 May 2025","returnDate":"31 Oct 2025","flightCode":"PA 712"}
null
null
null
null
null
null
null
{"departure":"Philippines","destination":"United States","departureDate":"29 May 2025","returnDate":"31 Jul 2026","flightCode":"PAA 625"}
{"departure":"Philippines","destination":"France","departureDate":"29 May 2025","returnDate":"31 Jul 2029","flightCode":"PAA 625"}
{"departure":"Philippines","destination":"France","departureDate":"29 May 2025","returnDate":"31 Jul 2029","flightCode":"PAA 625"}
null
null
null
{"departure":"Philippines","destination":"China","departureDate":"29 May 2025","returnDate":"20 Jun 2025","flightCode":"PA 712"}
{"departure":"Philippines","destination":"Japan","departureDate":"29 May 2025","returnDate":"20 Jun 2025","flightCode":"PA 712"}
{"id":"PA 712"}
null
